Urashima/build/outputs/logs/manifest-merger-debug-report.txt
-- Merging decision tree log ---
manifest
ADDED from PhysicsAndroid/Urashima/AndroidManifest.xml:1:1-23:12
	package
		ADDED from PhysicsAndroid/Urashima/AndroidManifest.xml:2:5-43
	android:versionName
		ADDED from PhysicsAndroid/Urashima/AndroidManifest.xml:4:5-30
		INJECTED from PhysicsAndroid/Urashima/AndroidManifest.xml
		INJECTED from PhysicsAndroid/Urashima/AndroidManifest.xml
	android:versionCode
		ADDED from PhysicsAndroid/Urashima/AndroidManifest.xml:3:5-28
		INJECTED from PhysicsAndroid/Urashima/AndroidManifest.xml
		INJECTED from PhysicsAndroid/Urashima/AndroidManifest.xml
	xmlns:android
		ADDED from PhysicsAndroid/Urashima/AndroidManifest.xml:1:11-69
uses-sdk
ADDED from PhysicsAndroid/Urashima/AndroidManifest.xml:6:5-8:40
	android:targetSdkVersion
		ADDED from PhysicsAndroid/Urashima/AndroidManifest.xml:8:9-37
	android:minSdkVersion
		ADDED from PhysicsAndroid/Urashima/AndroidManifest.xml:7:9-34
application
ADDED from PhysicsAndroid/Urashima/AndroidManifest.xml:9:5-21:19
	android:label
		ADDED from PhysicsAndroid/Urashima/AndroidManifest.xml:11:9-41
	android:icon
		ADDED from PhysicsAndroid/Urashima/AndroidManifest.xml:10:9-46
	android:theme
		ADDED from PhysicsAndroid/Urashima/AndroidManifest.xml:12:9-40
activity#jp.ac.u_ryukyu.phys.urashima.MainActivity
ADDED from PhysicsAndroid/Urashima/AndroidManifest.xml:13:9-20:20
	android:screenOrientation
		ADDED from PhysicsAndroid/Urashima/AndroidManifest.xml:15:108-145
	android:label
		ADDED from PhysicsAndroid/Urashima/AndroidManifest.xml:15:13-56
	android:configChanges
		ADDED from PhysicsAndroid/Urashima/AndroidManifest.xml:15:57-107
	android:name
		ADDED from PhysicsAndroid/Urashima/AndroidManifest.xml:14:13-41
intent-filter#android.intent.action.MAIN+android.intent.category.LAUNCHER
ADDED from PhysicsAndroid/Urashima/AndroidManifest.xml:16:13-19:29
action#android.intent.action.MAIN
ADDED from PhysicsAndroid/Urashima/AndroidManifest.xml:17:17-69
	android:name
		ADDED from PhysicsAndroid/Urashima/AndroidManifest.xml:17:25-66
category#android.intent.category.LAUNCHER
ADDED from PhysicsAndroid/Urashima/AndroidManifest.xml:18:17-77
	android:name
		ADDED from PhysicsAndroid/Urashima/AndroidManifest.xml:18:27-74